The host name = DESKTOP-C53ED0F

The job config file name = D:\BMC\BMC\RunBMC\DoseViewer\BatchMode\example\K80.py
Start log time = Thu Aug 10 17:26:36 2017


/******************* The following GPU will be used ***************************/

CUDA Device #0
Major revision number:         5
Minor revision number:         0
Name:                          GeForce GTX 960M
Total global memory:           2147483648
Total shared memory per block: 49152
Total registers per block:     65536
Warp size:                     32
Maximum memory pitch:          2147483647
Maximum threads per block:     1024
Maximum dimension 0 of block:  1024
Maximum dimension 1 of block:  1024
Maximum dimension 2 of block:  64
Maximum dimension 0 of grid:   2147483647
Maximum dimension 1 of grid:   65535
Maximum dimension 2 of grid:   65535
Clock rate:                    1097500
Total constant memory:         65536
Texture alignment:             512
Concurrent copy and execution: Yes
Number of multiprocessors:     5
Number of total cores:     640
Kernel execution timeout:      Yes
/************************ End GPU description *********************************/


It costs 0.018645 seconds to init GPU 
Warning: cannot get couch density factor in config file; will not modify the couch density!

It costs 0.015374 seconds to load phantom 

Calculating dose, please wait patiently...

time cost to generate particle = 0.611524 s
time cost to execute kernels = 0.523668 s
max dose = 880.73, min dose = 0
GPU processed ------------------------ 0.0%,   speed = 100537 h/s
Time escaped = 0.0 min, left time expected = 100.0 min
time cost to generate particle = 0.671165 s
time cost to execute kernels = 0.496926 s
max dose = 876.876, min dose = 0
GPU processed ------------------------ -nan(ind)%,   speed = 131147 h/s
Time escaped = 0.0 min, left time expected = -nan(ind) min
time cost to generate particle = 0.662535 s
time cost to execute kernels = 0.495339 s
max dose = 885.18, min dose = 0
GPU processed ------------------------ -nan(ind)%,   speed = 144486 h/s
Time escaped = 0.0 min, left time expected = -nan(ind) min
time cost to generate particle = 0.705976 s
time cost to execute kernels = 0.494463 s
max dose = 882.399, min dose = 0
GPU processed ------------------------ 25.9%,   speed = 150051 h/s
Time escaped = 0.1 min, left time expected = 0.2 min
time cost to generate particle = 0.674439 s
time cost to execute kernels = 0.492833 s
max dose = 874, min dose = 0

Total batch number = 5
D>10%*Dmax region occupies 2.5% all voxels, with average uncertainty = 2.0%
GPU processed ------------------------ 30.4%,   speed = 151252 h/s
Time escaped = 0.1 min, left time expected = 0.2 min
time cost to generate particle = 0.684701 s
time cost to execute kernels = 0.492521 s
max dose = 873.619, min dose = 0

Total batch number = 6
D>10%*Dmax region occupies 2.5% all voxels, with average uncertainty = 1.9%
GPU processed ------------------------ 34.4%,   speed = 155725 h/s
Time escaped = 0.1 min, left time expected = 0.1 min
time cost to generate particle = 0.705585 s
time cost to execute kernels = 0.496565 s
max dose = 871.033, min dose = 0

Total batch number = 7
D>10%*Dmax region occupies 2.5% all voxels, with average uncertainty = 1.8%
GPU processed ------------------------ 38.7%,   speed = 157457 h/s
Time escaped = 0.1 min, left time expected = 0.1 min
time cost to generate particle = 0.691198 s
time cost to execute kernels = 0.494179 s
max dose = 880.976, min dose = 0

Total batch number = 8
D>10%*Dmax region occupies 2.5% all voxels, with average uncertainty = 1.7%
GPU processed ------------------------ 43.2%,   speed = 159225 h/s
Time escaped = 0.1 min, left time expected = 0.1 min
time cost to generate particle = 0.730650 s
time cost to execute kernels = 0.493188 s
max dose = 884.385, min dose = 0

Total batch number = 9
D>10%*Dmax region occupies 2.5% all voxels, with average uncertainty = 1.6%
GPU processed ------------------------ 47.7%,   speed = 159787 h/s
Time escaped = 0.1 min, left time expected = 0.1 min
time cost to generate particle = 0.702676 s
time cost to execute kernels = 0.494397 s
max dose = 874.885, min dose = 0

Total batch number = 10
D>10%*Dmax region occupies 2.5% all voxels, with average uncertainty = 1.5%
GPU processed ------------------------ 52.4%,   speed = 160797 h/s
Time escaped = 0.1 min, left time expected = 0.1 min
time cost to generate particle = 0.691876 s
time cost to execute kernels = 0.494340 s
max dose = 919.4, min dose = 0

Total batch number = 11
D>10%*Dmax region occupies 2.5% all voxels, with average uncertainty = 1.5%
GPU processed ------------------------ 56.9%,   speed = 161593 h/s
Time escaped = 0.1 min, left time expected = 0.1 min
time cost to generate particle = 0.677801 s
time cost to execute kernels = 0.515853 s
max dose = 862.457, min dose = 0
GPU processed ------------------------ 61.2%,   speed = 163730 h/s
Time escaped = 0.1 min, left time expected = 0.1 min
time cost to generate particle = 0.692383 s
time cost to execute kernels = 0.496803 s
max dose = 867.566, min dose = 0

Total batch number = 13
D>10%*Dmax region occupies 2.5% all voxels, with average uncertainty = 1.3%
GPU processed ------------------------ 65.8%,   speed = 163465 h/s
Time escaped = 0.2 min, left time expected = 0.1 min
time cost to generate particle = 0.683820 s
time cost to execute kernels = 0.497728 s
max dose = 871.762, min dose = 0

Total batch number = 14
D>10%*Dmax region occupies 2.5% all voxels, with average uncertainty = 1.3%
time cost to generate particle = 0.690340 s
GPU processed ------------------------ 70.4%,   speed = 162836 h/s
Time escaped = 0.2 min, left time expected = 0.1 min
time cost to execute kernels = 0.493391 s
max dose = 873.95, min dose = 0

Total batch number = 15
D>10%*Dmax region occupies 2.5% all voxels, with average uncertainty = 1.3%
GPU processed ------------------------ 74.9%,   speed = 164485 h/s
Time escaped = 0.2 min, left time expected = 0.1 min
time cost to generate particle = 0.723181 s
time cost to execute kernels = 0.494211 s
max dose = 889.595, min dose = 0

Total batch number = 16
D>10%*Dmax region occupies 2.5% all voxels, with average uncertainty = 1.2%
GPU processed ------------------------ 79.5%,   speed = 164534 h/s
Time escaped = 0.2 min, left time expected = 0.1 min
time cost to generate particle = 0.684379 s
time cost to execute kernels = 0.496931 s
max dose = 873.904, min dose = 0

Total batch number = 17
D>10%*Dmax region occupies 2.5% all voxels, with average uncertainty = 1.2%
GPU processed ------------------------ 84.3%,   speed = 163647 h/s
Time escaped = 0.2 min, left time expected = 0.0 min
time cost to generate particle = 0.743220 s
time cost to execute kernels = 0.496822 s
max dose = 883.612, min dose = 0

Total batch number = 18
D>10%*Dmax region occupies 2.5% all voxels, with average uncertainty = 1.2%
GPU processed ------------------------ 88.9%,   speed = 163698 h/s
Time escaped = 0.2 min, left time expected = 0.0 min
time cost to generate particle = 0.786999 s
time cost to execute kernels = 0.542505 s
max dose = 885.128, min dose = 0

Total batch number = 19
D>10%*Dmax region occupies 2.5% all voxels, with average uncertainty = 1.1%
GPU processed ------------------------ 93.5%,   speed = 162845 h/s
Time escaped = 0.2 min, left time expected = 0.0 min
time cost to generate particle = 0.697863 s
time cost to execute kernels = 0.494495 s
max dose = 893.087, min dose = 0

Total batch number = 20
D>10%*Dmax region occupies 2.5% all voxels, with average uncertainty = 1.1%
GPU processed ------------------------ 98.4%,   speed = 163841 h/s
Time escaped = 0.2 min, left time expected = 0.0 min
time cost to generate particle = 0.760921 s
time cost to execute kernels = 0.495695 s
max dose = 889.865, min dose = 0

Total batch number = 21
D>10%*Dmax region occupies 2.5% all voxels, with average uncertainty = 1.1%
GPU processed ------------------------ 102.8%,   speed = 163429 h/s
Time escaped = 0.3 min, left time expected = -0.0 min
GPU processed ------------------------ 100%,   speed = 163237 h/s

Wait all GPUs to finish their job...
All GPUs have finished their simulation job! Collecting dose...


Total batch number = 21
D>10%*Dmax region occupies 2.5% all voxels, with average uncertainty = 1.1%
time cost to generate particle = 0.721906 s
Accumulated history number in dose file = 2527787
The dose file named <D:\BMC\BMC\RunBMC\DoseViewer\BatchMode\example\PENELOPE.dose> has been generated ^_^

Wait for the source generating thread to finish...
Source reuse times = 1

Time statistics for main GPU:
Total kernel time = 10.49 s
Total SourceHead time = 15.40 s

Mixed running time = 0.26 minutes, total history number = 2.52779e+06
The overall simulating speed = 161593 hist/sec

End log time = Thu Aug 10 17:26:54 2017


/##############################################################################/

